<?xml version="1.0" encoding="UTF-8"?>
<!-- Generated by org.testng.reporters.JUnitReportReporter -->
<testsuite hostname="DESKTOP-RG6CFTP" failures="0" tests="1" name="uistore.TestCase2" time="20.291" errors="0" timestamp="2022-01-31T10:46:17 IST" skipped="0">
  <testcase classname="uistore.TestCase2" name="TC2" time="20.291"/>
  <system-out/>
</testsuite> <!-- uistore.TestCase2 -->
