<?xml version="1.0" encoding="UTF-8"?>
<!-- Generated by org.testng.reporters.JUnitReportReporter -->
<testsuite hostname="DESKTOP-RG6CFTP" failures="0" tests="1" name="uistore.DropAndDragPO" time="21.538" errors="0" timestamp="2022-01-31T11:12:11 IST" skipped="0">
  <testcase classname="uistore.DropAndDragPO" name="TC2" time="21.538"/>
  <system-out/>
</testsuite> <!-- uistore.DropAndDragPO -->
