<?xml version="1.0" encoding="UTF-8"?>
<!-- Generated by org.testng.reporters.JUnitReportReporter -->
<testsuite hostname="DESKTOP-RG6CFTP" failures="0" tests="1" name="uistore.DemoFormPO" time="42.476" errors="0" timestamp="2022-01-31T11:12:11 IST" skipped="0">
  <testcase classname="uistore.DemoFormPO" name="TC1" time="42.476"/>
  <system-out/>
</testsuite> <!-- uistore.DemoFormPO -->
