<?xml version="1.0" encoding="UTF-8"?>
<!-- Generated by org.testng.reporters.JUnitReportReporter -->
<testsuite hostname="DESKTOP-RG6CFTP" failures="0" tests="1" name="uistore.TestCase1" time="51.380" errors="0" timestamp="2022-01-31T10:46:17 IST" skipped="0">
  <testcase classname="uistore.TestCase1" name="TC1" time="51.380"/>
  <system-out/>
</testsuite> <!-- uistore.TestCase1 -->
