<?xml version="1.0" encoding="UTF-8"?>
<!-- Generated by org.testng.reporters.JUnitReportReporter -->
<testsuite hostname="Gopimanisri" failures="0" tests="1" name="uistore.Home" time="48.610" errors="0" timestamp="2022-01-30T15:08:50 IST" skipped="0">
  <testcase classname="uistore.Home" name="simpleForm" time="48.610"/>
  <system-out/>
</testsuite> <!-- uistore.Home -->
