<?xml version="1.0" encoding="UTF-8"?>
<!-- Generated by org.testng.reporters.JUnitReportReporter -->
<testsuite hostname="Gopimanisri" failures="0" tests="1" name="pageobject.HomePage" time="53.900" errors="0" timestamp="2022-01-30T12:33:51 IST" skipped="0">
  <testcase classname="pageobject.HomePage" name="signIn" time="53.900"/>
  <system-out/>
</testsuite> <!-- pageobject.HomePage -->
