<?xml version="1.0" encoding="UTF-8"?>
<!-- Generated by org.testng.reporters.JUnitReportReporter -->
<testsuite hostname="DESKTOP-RG6CFTP" failures="0" tests="1" name="uistore.SimpleInputFormPO" time="75.693" errors="0" timestamp="2022-01-31T11:12:11 IST" skipped="0">
  <testcase classname="uistore.SimpleInputFormPO" name="TC3" time="75.693"/>
  <system-out/>
</testsuite> <!-- uistore.SimpleInputFormPO -->
